<?xml version="1.0" encoding="UTF-8"?>
<testsuite name="io.testapi.cucumber.TestRunner" time="3.109" tests="21" errors="0" skipped="0" failures="2">
  <properties>
[...]
</properties>
  <testcase name="When User sends a GET request to the media endpoints" classname="Scenario: Verify that the BBC  Music tracks application can be accessed by users" time="0"/>
  <testcase name="Then then user must get back response with status code 200" classname="Scenario: Verify that the BBC  Music tracks application can be accessed by users" time="0"/>
  <testcase name="Scenario: Verify that the BBC  Music tracks application can be accessed by users" classname="Scenario: Verify that the BBC  Music tracks application can be accessed by users" time="2.328"/>
  <testcase name="When User sends a GET request to the media endpoints" classname="Scenario: Verify that the BBC  Music tracks application  get call is under 1000 milliseconds" time="0"/>
  <testcase name="Then Response time should be below 1000 milliseconds" classname="Scenario: Verify that the BBC  Music tracks application  get call is under 1000 milliseconds" time="0"/>
  <testcase name="Scenario: Verify that the BBC  Music tracks application  get call is under 1000 milliseconds" classname="Scenario: Verify that the BBC  Music tracks application  get call is under 1000 milliseconds" time="0.109"/>
  <testcase name="When User sends a GET request to the media endpoints" classname="Scenario: As  a user I should always presented with Music track id as not null or empty" time="0"/>
  <testcase name="Then Verify that the id &quot;id&quot; field is never null or Empty for all the items present in the list" classname="Scenario: As  a user I should always presented with Music track id as not null or empty" time="0"/>
  <testcase name="Scenario: As  a user I should always presented with Music track id as not null or empty" classname="Scenario: As  a user I should always presented with Music track id as not null or empty" time="0.078"/>
  <testcase name="When User sends a GET request to the media endpoints" classname="Scenario: As  a user I should always see segment_type value as music" time="0"/>
  <testcase name="Then the segment type &quot;segment_type&quot; field for every track is music &quot;music&quot;" classname="Scenario: As  a user I should always see segment_type value as music" time="0"/>
  <testcase name="Scenario: As  a user I should always see segment_type value as music" classname="Scenario: As  a user I should always see segment_type value as music" time="0.328"/>
  <testcase name="When User sends a GET request to the media endpoints" classname="Scenario: As a user I should always see primary field not null or empty  under title_list" time="0"/>
  <testcase name="Then Verify that the primary &quot;primary&quot; field in the  title list &quot;title_list&quot; is never  null or empty for any track" classname="Scenario: As a user I should always see primary field not null or empty  under title_list" time="0"/>
  <testcase name="Scenario: As a user I should always see primary field not null or empty  under title_list" classname="Scenario: As a user I should always see primary field not null or empty  under title_list" time="0.141"/>
  <testcase name="When User sends a GET request to the media endpoints" classname="Scenario: As a user I should see only one track  field now_playing is true from  list under offset" time="0"/>
  <testcase name="Then Verify that only one track in the list has &quot;now_playing&quot; field in &quot;offset&quot; as true" classname="Scenario: As a user I should see only one track  field now_playing is true from  list under offset" time="0">
    <failure message="Now_paying has true value more than one  expected:&lt;1&gt; but was:&lt;14&gt;" type="java.lang.AssertionError"><![CDATA[java.lang.AssertionError: Now_paying has true value more than one  expected:<1> but was:<14>
	at org.junit.Assert.fail(Assert.java:88)
	at org.junit.Assert.failNotEquals(Assert.java:834)
	at org.junit.Assert.assertEquals(Assert.java:645)
	at io.testapi.cucumber.stepsdefinitions.bbcMusicStepdefs.verifyThatOnlyOneTrackInTheListHasFieldInAsTrue(bbcMusicStepdefs.java:80)
	at ✽.Then Verify that only one track in the list has "now_playing" field in "offset" as true(bbc.feature:25)
]]></failure>
  </testcase>
  <testcase name="Scenario: As a user I should see only one track  field now_playing is true from  list under offset" classname="Scenario: As a user I should see only one track  field now_playing is true from  list under offset" time="0">
    <failure message="Now_paying has true value more than one  expected:&lt;1&gt; but was:&lt;14&gt;" type="java.lang.AssertionError"><![CDATA[java.lang.AssertionError: Now_paying has true value more than one  expected:<1> but was:<14>
	at org.junit.Assert.fail(Assert.java:88)
	at org.junit.Assert.failNotEquals(Assert.java:834)
	at org.junit.Assert.assertEquals(Assert.java:645)
	at io.testapi.cucumber.stepsdefinitions.bbcMusicStepdefs.verifyThatOnlyOneTrackInTheListHasFieldInAsTrue(bbcMusicStepdefs.java:80)
	at ✽.Then Verify that only one track in the list has "now_playing" field in "offset" as true(bbc.feature:25)
]]></failure>
  </testcase>
  <testcase name="When User sends a GET request to the media endpoints" classname="Scenario: As a user I should be present with date" time="0"/>
  <testcase name="Then Verify the &quot;Date&quot; value in the response headers" classname="Scenario: As a user I should be present with date" time="0"/>
  <testcase name="Scenario: As a user I should be present with date" classname="Scenario: As a user I should be present with date" time="0.125"/>
</testsuite>