<?xml version="1.0" encoding="UTF-8"?><testsuite errors="0" failures="1" name="Verify of Get call on Media EndPoint" skipped="0" tests="7" time="11.04" timestamp="2022-08-15T12:57:28.073+01:00[Europe/London]"><testcase name="Verify that the BBC  Music tracks application can be accessed by users"/><testcase name="Verify that the BBC  Music tracks application  get call is under 1000 milliseconds"/><testcase name="As  a user I should always presented with Music track id as not null or empty"/><testcase name="As  a user I should always see segment_type value as music"/><testcase name="As a user I should always see primary field not null or empty  under title_list"/><testcase name="As a user I should see only one track  field now_playing is true from  list under offset"><failure message="Now_paying has true value more than one  expected:&lt;1&gt; but was:&lt;14&gt;" type="java.lang.AssertionError">Now_paying has true value more than one  expected:&lt;1&gt; but was:&lt;14&gt;</failure><system-err>Now_paying has true value more than one  expected:&lt;1&gt; but was:&lt;14&gt;&#13;
io.testapi.cucumber.stepsdefinitions.bbcMusicStepdefs.verifyThatOnlyOneTrackInTheListHasFieldInAsTrue(bbcMusicStepdefs.java:80)&#13;
✽.Then Verify that only one track in the list has "now_playing" field in "offset" as true(bbc.feature:25)&#13;
</system-err></testcase><testcase name="As a user I should be present with date"/></testsuite>